<?xml version="1.0" encoding="UTF-8"?>
<testsuite xmlns:xsi="http://www.w3.org/2001/XMLSchema-instance" xsi:noNamespaceSchemaLocation="https://maven.apache.org/surefire/maven-surefire-plugin/xsd/surefire-test-report-3.0.xsd" version="3.0" name="project.TicTacToeModelEngineTest" time="0.292" tests="10" errors="0" skipped="0" failures="0">
  <properties>
    <property name="java.specification.version" value="17"/>
    <property name="sun.cpu.isalist" value="amd64"/>
    <property name="sun.jnu.encoding" value="Cp1252"/>
    <property name="java.class.path" value="C:\Users\pankaj.ray\Downloads\DEV FINAL\target\test-classes;C:\Users\pankaj.ray\Downloads\DEV FINAL\target\classes;C:\Users\pankaj.ray\.m2\repository\junit\junit\4.13.1\junit-4.13.1.jar;C:\Users\pankaj.ray\.m2\repository\org\hamcrest\hamcrest-core\1.3\hamcrest-core-1.3.jar;C:\Users\pankaj.ray\.m2\repository\org\apache\logging\log4j\log4j-core\2.19.0\log4j-core-2.19.0.jar;C:\Users\pankaj.ray\.m2\repository\org\apache\logging\log4j\log4j-api\2.19.0\log4j-api-2.19.0.jar;"/>
    <property name="java.vm.vendor" value="Oracle Corporation"/>
    <property name="sun.arch.data.model" value="64"/>
    <property name="user.variant" value=""/>
    <property name="java.vendor.url" value="https://java.oracle.com/"/>
    <property name="user.timezone" value="Asia/Calcutta"/>
    <property name="os.name" value="Windows 10"/>
    <property name="java.vm.specification.version" value="17"/>
    <property name="sun.java.launcher" value="SUN_STANDARD"/>
    <property name="user.country" value="IN"/>
    <property name="sun.boot.library.path" value="C:\Users\pankaj.ray\Desktop\jdk-17.0.7\bin"/>
    <property name="sun.java.command" value="C:\Users\pankaj.ray\AppData\Local\Temp\surefire1953212781225252619\surefirebooter-20240503001600633_3.jar C:\Users\pankaj.ray\AppData\Local\Temp\surefire1953212781225252619 2024-05-03T00-15-59_722-jvmRun1 surefire-20240503001600633_1tmp surefire_0-20240503001600633_2tmp"/>
    <property name="jdk.debug" value="release"/>
    <property name="surefire.test.class.path" value="C:\Users\pankaj.ray\Downloads\DEV FINAL\target\test-classes;C:\Users\pankaj.ray\Downloads\DEV FINAL\target\classes;C:\Users\pankaj.ray\.m2\repository\junit\junit\4.13.1\junit-4.13.1.jar;C:\Users\pankaj.ray\.m2\repository\org\hamcrest\hamcrest-core\1.3\hamcrest-core-1.3.jar;C:\Users\pankaj.ray\.m2\repository\org\apache\logging\log4j\log4j-core\2.19.0\log4j-core-2.19.0.jar;C:\Users\pankaj.ray\.m2\repository\org\apache\logging\log4j\log4j-api\2.19.0\log4j-api-2.19.0.jar;"/>
    <property name="sun.cpu.endian" value="little"/>
    <property name="user.home" value="C:\Users\pankaj.ray"/>
    <property name="user.language" value="en"/>
    <property name="java.specification.vendor" value="Oracle Corporation"/>
    <property name="java.version.date" value="2023-04-18"/>
    <property name="java.home" value="C:\Users\pankaj.ray\Desktop\jdk-17.0.7"/>
    <property name="file.separator" value="\"/>
    <property name="basedir" value="C:\Users\pankaj.ray\Downloads\DEV FINAL"/>
    <property name="java.vm.compressedOopsMode" value="Zero based"/>
    <property name="line.separator" value="&#10;"/>
    <property name="java.vm.specification.vendor" value="Oracle Corporation"/>
    <property name="java.specification.name" value="Java Platform API Specification"/>
    <property name="surefire.real.class.path" value="C:\Users\pankaj.ray\AppData\Local\Temp\surefire1953212781225252619\surefirebooter-20240503001600633_3.jar"/>
    <property name="user.script" value=""/>
    <property name="sun.management.compiler" value="HotSpot 64-Bit Tiered Compilers"/>
    <property name="java.runtime.version" value="17.0.7+8-LTS-224"/>
    <property name="user.name" value="pankaj.ray"/>
    <property name="path.separator" value=";"/>
    <property name="os.version" value="10.0"/>
    <property name="java.runtime.name" value="Java(TM) SE Runtime Environment"/>
    <property name="file.encoding" value="Cp1252"/>
    <property name="java.vm.name" value="Java HotSpot(TM) 64-Bit Server VM"/>
    <property name="localRepository" value="C:\Users\pankaj.ray\.m2\repository"/>
    <property name="java.vendor.url.bug" value="https://bugreport.java.com/bugreport/"/>
    <property name="java.io.tmpdir" value="C:\Users\pankaj.ray\AppData\Local\Temp\"/>
    <property name="java.version" value="17.0.7"/>
    <property name="user.dir" value="C:\Users\pankaj.ray\Downloads\DEV FINAL"/>
    <property name="os.arch" value="amd64"/>
    <property name="java.vm.specification.name" value="Java Virtual Machine Specification"/>
    <property name="sun.os.patch.level" value=""/>
    <property name="native.encoding" value="Cp1252"/>
    <property name="java.library.path" value="C:\Users\pankaj.ray\Desktop\jdk-17.0.7\bin;C:\Windows\Sun\Java\bin;C:\Windows\system32;C:\Windows;C:\Python311\Scripts\;C:\Python311\;C:\Program Files\Common Files\Oracle\Java\javapath;C:\Windows\system32;C:\Windows;C:\Windows\System32\Wbem;C:\Windows\System32\WindowsPowerShell\v1.0\;C:\Windows\System32\OpenSSH\;C:\Program Files (x86)\nodejs\;C:\ProgramData\chocolatey\bin;C:\Program Files\Go\bin;C:\Program Files\Docker\Docker\resources\bin;C:\Users\pankaj.ray\AppData\Local\Microsoft\WindowsApps;C:\Users\pankaj.ray\AppData\Local\Programs\Microsoft VS Code\bin;C:\Users\pankaj.ray\AppData\Local\Programs\Git\cmd;C:\Users\pankaj.ray\AppData\Roaming\npm;C:\Users\pankaj.ray\go\bin;C:\Users\pankaj.ray\Downloads\apache-maven-3.9.0-bin\apache-maven-3.9.0\bin;C:\Users\pankaj.ray\Desktop\jdk-17.0.7\bin;C:\Users\pankaj.ray\Downloads\mongodb-windows-x86_64-5.0.18\mongodb-win32-x86_64-windows-5.0.18\bin;;."/>
    <property name="java.vm.info" value="mixed mode, sharing"/>
    <property name="java.vendor" value="Oracle Corporation"/>
    <property name="java.vm.version" value="17.0.7+8-LTS-224"/>
    <property name="sun.io.unicode.encoding" value="UnicodeLittle"/>
    <property name="java.class.version" value="61.0"/>
  </properties>
  <testcase name="testSequentialMoves" classname="project.TicTacToeModelEngineTest" time="0.07">
    <system-out><![CDATA[X - - 
- - - 
- - - 
X O - 
- - - 
- - - 
X O X 
- - - 
- - - 
]]></system-out>
  </testcase>
  <testcase name="testDraw" classname="project.TicTacToeModelEngineTest" time="0.042">
    <system-out><![CDATA[X - - 
- - - 
- - - 
X O - 
- - - 
- - - 
X O X 
- - - 
- - - 
X O X 
O - - 
- - - 
X O X 
O X - 
- - - 
X O X 
O X - 
- - O 
X O X 
O X X 
- - O 
X O X 
O X X 
O - O 
X O X 
O X X 
O X O 
]]></system-out>
  </testcase>
  <testcase name="testChangePlayerAfterValidMove" classname="project.TicTacToeModelEngineTest" time="0.008">
    <system-out><![CDATA[X - - 
- - - 
- - - 
X O - 
- - - 
- - - 
]]></system-out>
  </testcase>
  <testcase name="testWinningDiagonalFromTopLeft" classname="project.TicTacToeModelEngineTest" time="0.015">
    <system-out><![CDATA[X - - 
- - - 
- - - 
X O - 
- - - 
- - - 
X O - 
- X - 
- - - 
X O O 
- X - 
- - - 
X O O 
- X - 
- - X 
]]></system-out>
  </testcase>
  <testcase name="testOWinningScenario" classname="project.TicTacToeModelEngineTest" time="0.024">
    <system-out><![CDATA[X - - 
- - - 
- - - 
X - - 
O - - 
- - - 
X X - 
O - - 
- - - 
X X - 
O O - 
- - - 
X X X 
O O - 
- - - 
Cell is already occupied.
Cell is already occupied.
X X X 
O O - 
- - O 
X X X 
O O X 
- - O 
X X X 
O O X 
O - O 
X X X 
O O X 
O X O 
]]></system-out>
  </testcase>
  <testcase name="testIllegalCoordinates" classname="project.TicTacToeModelEngineTest" time="0.001"/>
  <testcase name="testXVictoryTopRow" classname="project.TicTacToeModelEngineTest" time="0.01">
    <system-out><![CDATA[X - - 
- - - 
- - - 
X - - 
- - - 
O - - 
X - - 
- X - 
O - - 
X - - 
- X - 
O O - 
X - - 
- X - 
O O X 
]]></system-out>
  </testcase>
  <testcase name="testWinningVerticalColumn" classname="project.TicTacToeModelEngineTest" time="0.012">
    <system-out><![CDATA[X - - 
- - - 
- - - 
X O - 
- - - 
- - - 
X O - 
X - - 
- - - 
X O - 
X O - 
- - - 
X O - 
X O - 
X - - 
]]></system-out>
  </testcase>
  <testcase name="testAttemptInvalidMove" classname="project.TicTacToeModelEngineTest" time="0.006">
    <system-out><![CDATA[X - - 
- - - 
- - - 
Cell is already occupied.
]]></system-out>
  </testcase>
  <testcase name="testCompleteDrawGame" classname="project.TicTacToeModelEngineTest" time="0.018">
    <system-out><![CDATA[X - - 
- - - 
- - - 
X O - 
- - - 
- - - 
X O X 
- - - 
- - - 
X O X 
O - - 
- - - 
X O X 
O X - 
- - - 
X O X 
O X - 
- - O 
X O X 
O X X 
- - O 
X O X 
O X X 
O - O 
X O X 
O X X 
O X O 
]]></system-out>
  </testcase>
</testsuite>